<?xml version="1.0" encoding="UTF-8"?>
<!-- Generated by org.testng.reporters.JUnitReportReporter -->
<testsuite hostname="ankit-aw-java" name="com.allure.test.LoginTest" tests="1" failures="0" timestamp="8 Jun 2016 09:17:35 GMT" time="2.426" errors="0">
  <testcase name="loginTest" time="2.426" classname="com.allure.test.LoginTest"/>
</testsuite> <!-- com.allure.test.LoginTest -->
